<?xml version="1.0" encoding="UTF-8"?>
<!-- Generated by org.testng.reporters.JUnitXMLReporter -->
<testsuite ignored="0" hostname="TVDLT-0422" failures="0" tests="3" name="Default test" time="12.516" errors="0" timestamp="2024-12-14T19:20:32 EET">
  <testcase classname="gs1ScenarioTest.GS1Test" name="Scenario1" time="6.582"/>
  <testcase classname="gs1ScenarioTest.GS1Test" name="Scenario2" time="4.4"/>
  <testcase classname="gs1ScenarioTest.GS1Test" name="Scenario3" time="1.191"/>
</testsuite> <!-- Default test -->
