<?xml version="1.0" encoding="UTF-8"?>
<!-- Generated by org.testng.reporters.JUnitXMLReporter -->
<testsuite ignored="0" hostname="TVDLT-0422" failures="0" tests="3" name="GS1 Tests" time="12.628" errors="0" timestamp="2024-12-14T19:43:41 EET">
  <testcase classname="gs1ScenarioTest.GS1Test" name="Scenario1" time="6.898"/>
  <testcase classname="gs1ScenarioTest.GS1Test" name="Scenario2" time="4.154"/>
  <testcase classname="gs1ScenarioTest.GS1Test" name="Scenario3" time="1.217"/>
</testsuite> <!-- GS1 Tests -->
