<?xml version="1.0" encoding="UTF-8"?>
<!-- Generated by org.testng.reporters.JUnitXMLReporter -->
<testsuite ignored="0" hostname="TVDLT-0422" failures="1" tests="1" name="TestScenario1" time="0.275" errors="0" timestamp="2024-12-14T14:33:22 EET">
  <testcase classname="gs1ScenarioTest.SenarioOneTest" name="Scenario1" time="0.091">
    <failure type="java.lang.NullPointerException" message="Cannot invoke &amp;quot;basketScenario.BankMangerLoginPage.clickOnbankMangerLoginBtn()&amp;quot; because &amp;quot;this.bankMangerLoginPage&amp;quot; is null">
      <![CDATA[java.lang.NullPointerException: Cannot invoke "basketScenario.BankMangerLoginPage.clickOnbankMangerLoginBtn()" because "this.bankMangerLoginPage" is null
at gs1ScenarioTest.SenarioOneTest.Scenario1(SenarioOneTest.java:30)
at java.base/java.util.ArrayList.forEach(ArrayList.java:1597)
... Removed 25 stack frames]]>
    </failure>
  </testcase> <!-- Scenario1 -->
</testsuite> <!-- TestScenario1 -->
