<?xml version="1.0" encoding="UTF-8"?>
<testng-results ignored="0" total="3" passed="3" failed="0" skipped="0">
  <reporter-output>
  </reporter-output>
  <suite started-at="2024-12-14T19:43:28 EET" name="gs1ScenarioTest" finished-at="2024-12-14T19:43:41 EET" duration-ms="12628">
    <groups>
    </groups>
    <test started-at="2024-12-14T19:43:28 EET" name="GS1 Tests" finished-at="2024-12-14T19:43:41 EET" duration-ms="12628">
      <class name="gs1ScenarioTest.GS1Test">
        <test-method is-config="true" signature="startDriver()[pri:0, instance:gs1ScenarioTest.GS1Test@cb191ca]" started-at="2024-12-14T19:43:16 EET" name="startDriver" finished-at="2024-12-14T19:43:28 EET" duration-ms="12518" status="PASS">
          <reporter-output>
          </reporter-output>
        </test-method> <!-- startDriver -->
        <test-method signature="Scenario1()[pri:0, instance:gs1ScenarioTest.GS1Test@cb191ca]" started-at="2024-12-14T19:43:28 EET" name="Scenario1" finished-at="2024-12-14T19:43:35 EET" duration-ms="6898" status="PASS">
          <reporter-output>
          </reporter-output>
        </test-method> <!-- Scenario1 -->
        <test-method signature="Scenario2()[pri:0, instance:gs1ScenarioTest.GS1Test@cb191ca]" started-at="2024-12-14T19:43:35 EET" name="Scenario2" finished-at="2024-12-14T19:43:39 EET" duration-ms="4154" status="PASS">
          <reporter-output>
          </reporter-output>
        </test-method> <!-- Scenario2 -->
        <test-method signature="Scenario3()[pri:0, instance:gs1ScenarioTest.GS1Test@cb191ca]" started-at="2024-12-14T19:43:39 EET" name="Scenario3" finished-at="2024-12-14T19:43:41 EET" duration-ms="1217" status="PASS">
          <reporter-output>
          </reporter-output>
        </test-method> <!-- Scenario3 -->
      </class> <!-- gs1ScenarioTest.GS1Test -->
    </test> <!-- GS1 Tests -->
  </suite> <!-- gs1ScenarioTest -->
</testng-results>
